{"D:\\WebDevelopment\\Advanced Frontend Development\\Testing\\testing.js": {"path":"D:\\WebDevelopment\\Advanced Frontend Development\\Testing\\testing.js","statementMap":{"0":{"start":{"line":2,"column":3},"end":{"line":2,"column":16}},"1":{"start":{"line":9,"column":15},"end":{"line":9,"column":63}},"2":{"start":{"line":10,"column":5},"end":{"line":10,"column":16}},"3":{"start":{"line":16,"column":0},"end":{"line":16,"column":23}},"4":{"start":{"line":17,"column":0},"end":{"line":17,"column":37}}},"fnMap":{"0":{"name":"sum","decl":{"start":{"line":1,"column":10},"end":{"line":1,"column":13}},"loc":{"start":{"line":1,"column":20},"end":{"line":3,"column":4}},"line":1},"1":{"name":"capitalize","decl":{"start":{"line":8,"column":9},"end":{"line":8,"column":19}},"loc":{"start":{"line":8,"column":28},"end":{"line":11,"column":1}},"line":8}},"branchMap":{},"s":{"0":2,"1":7,"2":7,"3":1,"4":1},"f":{"0":2,"1":7},"b":{},"_coverageSchema":"1a1c01bbd47fc00a2c39e90264f33305004495a9","hash":"31c2c49b3e31776167419039e96f48222d7a49f7"}
}
